#
# A fatal error has been detected by the Java Runtime Environment:
#
#  SIGSEGV (0xb) at pc=0x00007fd1c0783d9d, pid=14885, tid=140538853967616
#
# JRE version: Java(TM) SE Runtime Environment (7.0_51-b13) (build 1.7.0_51-b13)
# Java VM: Java HotSpot(TM) 64-Bit Server VM (24.51-b03 mixed mode linux-amd64 compressed oops)
# Problematic frame:
# C  [librxtxSerial.so+0x6d9d]  read_byte_array+0x3d
#
# Failed to write core dump. Core dumps have been disabled. To enable core dumping, try "ulimit -c unlimited" before starting Java again
#
# If you would like to submit a bug report, please visit:
#   http://bugreport.sun.com/bugreport/crash.jsp
# The crash happened outside the Java Virtual Machine in native code.
# See problematic frame for where to report the bug.
#

---------------  T H R E A D  ---------------

Current thread (0x00007fd1c40c5000):  JavaThread "Thread-0" [_thread_in_native, id=14901, stack(0x00007fd1c067c000,0x00007fd1c077d000)]

siginfo:si_signo=SIGSEGV: si_errno=0, si_code=1 (SEGV_MAPERR), si_addr=0xffffffffc077b438

Registers:
RAX=0xffffffffc077b430, RBX=0x00007fd18c001140, RCX=0x0000000000000001, RDX=0x00007fd1cb1cca00
RSP=0x00007fd1c077a7d0, RBP=0x00007fd1c40c51e8, RSI=0x00007fd1c0786b25, RDI=0x00007fd1c0786a9f
R8 =0x00007fd1c077a740, R9 =0x00000000ebbcd518, R10=0x0000000000000000, R11=0x00007fd1cb1d1008
R12=0xffffffffffffffff, R13=0x000000000000000c, R14=0x0000000000000006, R15=0x00000000ffffffff
RIP=0x00007fd1c0783d9d, EFLAGS=0x0000000000010202, CSGSFS=0x0000000000000033, ERR=0x0000000000000005
  TRAPNO=0x000000000000000e

Top of Stack: (sp=0x00007fd1c077a7d0)
0x00007fd1c077a7d0:   0000000000002000 0000000000002000
0x00007fd1c077a7e0:   0000000c00000000 00007fd18c001140
0x00007fd1c077a7f0:   0000000600002000 00007fd18c001140
0x00007fd1c077a800:   0000000000000000 0000000000000700
0x00007fd1c077a810:   00007fd1c077a870 ffffffffc077b430
0x00007fd1c077a820:   00007fd1c40c51e8 00007fd1c09895d0
0x00007fd1c077a830:   0000000000000000 000000000000000c
0x00007fd1c077a840:   0000000000000006 0000000000000000
0x00007fd1c077a850:   00007fd1c40c51e8 00007fd1cbbedd35
0x00007fd1c077a860:   0000000000000005 0000000000000000
0x00007fd1c077a870:   00007fd1c077a8a0 00007fd1c077dd18
0x00007fd1c077a880:   00007fd18c001140 00007fd1c40c51e8
0x00007fd1c077a890:   ffffffffffffffff 00007fd1cbbf4185
0x00007fd1c077a8a0:   00007fd18c001140 00007fd18c001140
0x00007fd1c077a8b0:   0000000000000006 00007fd18c001140
0x00007fd1c077a8c0:   00007fd1c40c51e8 ffffffffffffffff
0x00007fd1c077a8d0:   000000000000000c 0000000000000006
0x00007fd1c077a8e0:   0000000000000000 00007fd1c0784272
0x00007fd1c077a8f0:   00007fd1c40c5000 00007fd1c077a9d8
0x00007fd1c077a900:   00007fd1c077a9e0 00000000be2a2218
0x00007fd1c077a910:   00007fd1c077a9a8 0000000000000000
0x00007fd1c077a920:   00000000be2a2210 00007fd1c077a9e0
0x00007fd1c077a930:   00007fd1c40c5000 00007fd1c1012738
0x00007fd1c077a940:   00000000be2b217c 00007fd1000000b6
0x00007fd1c077a950:   00007fd1c40c5bc8 00007fd1000000b6
0x00007fd1c077a960:   00007fd1c40c5000 00007fd1c077a968
0x00007fd1c077a970:   00000000be2a2210 00007fd1c077a9e0
0x00007fd1c077a980:   00000000be2b3df8 0000000000000000
0x00007fd1c077a990:   00000000be2a2218 0000000000000000
0x00007fd1c077a9a0:   00007fd1c077a9c8 00007fd1c077aa48
0x00007fd1c077a9b0:   00007fd1c10061d4 0000000000000000
0x00007fd1c077a9c0:   00007fd1c100ecd6 000000000000000c 

Instructions: (pc=0x00007fd1c0783d9d)
0x00007fd1c0783d7d:   4c 24 18 48 8d 15 17 2d 00 00 48 8d 0d 0e 2d 00
0x00007fd1c0783d8d:   00 44 89 44 24 14 e8 88 c7 ff ff 48 89 44 24 48
0x00007fd1c0783d9d:   8b 40 08 45 85 ff 48 8b 54 24 48 89 44 24 40 c7
0x00007fd1c0783dad:   42 08 00 00 00 00 0f 88 bd 01 00 00 31 c0 e8 70 

Register to memory mapping:

RAX=0xffffffffc077b430 is an unknown value
RBX=0x00007fd18c001140 is an unknown value
RCX=0x0000000000000001 is an unknown value
RDX=0x00007fd1cb1cca00: <offset 0xe37a00> in /usr/java/jdk1.7.0_51/jre/lib/amd64/server/libjvm.so at 0x00007fd1ca395000
RSP=0x00007fd1c077a7d0 is pointing into the stack for thread: 0x00007fd1c40c5000
RBP=0x00007fd1c40c51e8 is an unknown value
RSI=0x00007fd1c0786b25: <offset 0x9b25> in /usr/java/jdk1.7.0_51/jre/lib/ext/librxtxSerial.so at 0x00007fd1c077d000
RDI=0x00007fd1c0786a9f: <offset 0x9a9f> in /usr/java/jdk1.7.0_51/jre/lib/ext/librxtxSerial.so at 0x00007fd1c077d000
R8 =0x00007fd1c077a740 is pointing into the stack for thread: 0x00007fd1c40c5000
R9 =0x00000000ebbcd518 is an oop
gnu.io.RXTXPort 
 - klass: 'gnu/io/RXTXPort'
R10=0x0000000000000000 is an unknown value
R11=0x00007fd1cb1d1008: <offset 0xe3c008> in /usr/java/jdk1.7.0_51/jre/lib/amd64/server/libjvm.so at 0x00007fd1ca395000
R12=0xffffffffffffffff is an unknown value
R13=0x000000000000000c is an unknown value
R14=0x0000000000000006 is an unknown value
R15=0x00000000ffffffff is an unallocated location in the heap


Stack: [0x00007fd1c067c000,0x00007fd1c077d000],  sp=0x00007fd1c077a7d0,  free space=1017k
Native frames: (J=compiled Java code, j=interpreted, Vv=VM code, C=native code)
C  [librxtxSerial.so+0x6d9d]  read_byte_array+0x3d

Java frames: (J=compiled Java code, j=interpreted, Vv=VM code)
j  gnu.io.RXTXPort.readArray([BII)I+0
j  gnu.io.RXTXPort$SerialInputStream.read([BII)I+212
j  sun.nio.cs.StreamDecoder.readBytes()I+135
j  sun.nio.cs.StreamDecoder.implRead([CII)I+112
j  sun.nio.cs.StreamDecoder.read([CII)I+180
j  java.io.InputStreamReader.read([CII)I+7
j  java.io.BufferedReader.fill()V+145
j  java.io.BufferedReader.readLine(Z)Ljava/lang/String;+44
j  java.io.BufferedReader.readLine()Ljava/lang/String;+2
j  conexionarduino.SerialTest.serialEvent(Lgnu/io/SerialPortEvent;)V+12
j  gnu.io.RXTXPort.sendEvent(IZ)Z+382
v  ~StubRoutines::call_stub
j  gnu.io.RXTXPort.eventLoop()V+0
j  gnu.io.RXTXPort$MonitorThread.run()V+12
v  ~StubRoutines::call_stub

---------------  P R O C E S S  ---------------

Java Threads: ( => current thread )
  0x00007fd1c4007800 JavaThread "DestroyJavaVM" [_thread_blocked, id=14889, stack(0x00007fd1cbcdb000,0x00007fd1cbddc000)]
  0x00007fd1c40cb000 JavaThread "Thread-1" [_thread_blocked, id=14902, stack(0x00007fd1c057b000,0x00007fd1c067c000)]
=>0x00007fd1c40c5000 JavaThread "Thread-0" [_thread_in_native, id=14901, stack(0x00007fd1c067c000,0x00007fd1c077d000)]
  0x00007fd1c4093800 JavaThread "Service Thread" daemon [_thread_blocked, id=14899, stack(0x00007fd1c0a8b000,0x00007fd1c0b8c000)]
  0x00007fd1c4091000 JavaThread "C2 CompilerThread1" daemon [_thread_blocked, id=14898, stack(0x00007fd1c0b8c000,0x00007fd1c0c8d000)]
  0x00007fd1c408e000 JavaThread "C2 CompilerThread0" daemon [_thread_blocked, id=14897, stack(0x00007fd1c0c8d000,0x00007fd1c0d8e000)]
  0x00007fd1c4084000 JavaThread "Signal Dispatcher" daemon [_thread_blocked, id=14896, stack(0x00007fd1c0d8e000,0x00007fd1c0e8f000)]
  0x00007fd1c4069000 JavaThread "Finalizer" daemon [_thread_blocked, id=14895, stack(0x00007fd1c80fd000,0x00007fd1c81fe000)]
  0x00007fd1c4065000 JavaThread "Reference Handler" daemon [_thread_blocked, id=14894, stack(0x00007fd1c81fe000,0x00007fd1c82ff000)]

Other Threads:
  0x00007fd1c4062800 VMThread [stack: 0x00007fd1c82ff000,0x00007fd1c8400000] [id=14893]
  0x00007fd1c409e000 WatcherThread [stack: 0x00007fd1c098a000,0x00007fd1c0a8b000] [id=14900]

VM state:not at safepoint (normal execution)

VM Mutex/Monitor currently owned by a thread: None

Heap
 PSYoungGen      total 18432K, used 1587K [0x00000000ebb00000, 0x00000000ecf80000, 0x0000000100000000)
  eden space 15872K, 10% used [0x00000000ebb00000,0x00000000ebc8ce38,0x00000000eca80000)
  from space 2560K, 0% used [0x00000000ecd00000,0x00000000ecd00000,0x00000000ecf80000)
  to   space 2560K, 0% used [0x00000000eca80000,0x00000000eca80000,0x00000000ecd00000)
 ParOldGen       total 41472K, used 0K [0x00000000c3200000, 0x00000000c5a80000, 0x00000000ebb00000)
  object space 41472K, 0% used [0x00000000c3200000,0x00000000c3200000,0x00000000c5a80000)
 PSPermGen       total 21504K, used 2814K [0x00000000be000000, 0x00000000bf500000, 0x00000000c3200000)
  object space 21504K, 13% used [0x00000000be000000,0x00000000be2bfbc8,0x00000000bf500000)

Card table byte_map: [0x00007fd1c956a000,0x00007fd1c977b000] byte_map_base: 0x00007fd1c8f7a000

Polling page: 0x00007fd1cbdff000

Code Cache  [0x00007fd1c1000000, 0x00007fd1c1270000, 0x00007fd1c4000000)
 total_blobs=183 nmethods=1 adapters=137 free_code_cache=48769Kb largest_free_block=49923264

Compilation events (2 events):
Event: 0,132 Thread 0x00007fd1c408e000    1             java.lang.String::indexOf (70 bytes)
Event: 0,139 Thread 0x00007fd1c408e000 nmethod 1 0x00007fd1c1060710 code [0x00007fd1c1060860, 0x00007fd1c10609e8]

GC Heap History (0 events):
No events

Deoptimization events (0 events):
No events

Internal exceptions (10 events):
Event: 0,054 Thread 0x00007fd1c4007800 Threw 0x00000000ebb49b18 at /HUDSON/workspace/7u-2-build-linux-amd64@2/jdk7u51/527/hotspot/src/share/vm/prims/jvm.cpp:1244
Event: 0,055 Thread 0x00007fd1c4007800 Threw 0x00000000ebb4c238 at /HUDSON/workspace/7u-2-build-linux-amd64@2/jdk7u51/527/hotspot/src/share/vm/prims/jni.cpp:717
Event: 0,055 Thread 0x00007fd1c4007800 Threw 0x00000000ebb4c358 at /HUDSON/workspace/7u-2-build-linux-amd64@2/jdk7u51/527/hotspot/src/share/vm/prims/jvm.cpp:1244
Event: 0,055 Thread 0x00007fd1c4007800 Threw 0x00000000ebb4c480 at /HUDSON/workspace/7u-2-build-linux-amd64@2/jdk7u51/527/hotspot/src/share/vm/prims/jvm.cpp:1244
Event: 0,058 Thread 0x00007fd1c4007800 Threw 0x00000000ebb4fa90 at /HUDSON/workspace/7u-2-build-linux-amd64@2/jdk7u51/527/hotspot/src/share/vm/prims/jvm.cpp:1244
Event: 0,065 Thread 0x00007fd1c4007800 Threw 0x00000000ebb5f7a0 at /HUDSON/workspace/7u-2-build-linux-amd64@2/jdk7u51/527/hotspot/src/share/vm/prims/jvm.cpp:1244
Event: 0,073 Thread 0x00007fd1c4007800 Threw 0x00000000ebb90290 at /HUDSON/workspace/7u-2-build-linux-amd64@2/jdk7u51/527/hotspot/src/share/vm/prims/jni.cpp:717
Event: 0,094 Thread 0x00007fd1c4007800 Threw 0x00000000ebb91370 at /HUDSON/workspace/7u-2-build-linux-amd64@2/jdk7u51/527/hotspot/src/share/vm/prims/jni.cpp:717
Event: 0,101 Thread 0x00007fd1c4007800 Threw 0x00000000ebba8a38 at /HUDSON/workspace/7u-2-build-linux-amd64@2/jdk7u51/527/hotspot/src/share/vm/prims/jni.cpp:717
Event: 0,120 Thread 0x00007fd1c4007800 Threw 0x00000000ebba98f8 at /HUDSON/workspace/7u-2-build-linux-amd64@2/jdk7u51/527/hotspot/src/share/vm/prims/jni.cpp:717

Events (10 events):
Event: 0,131 loading class 0x00007fd1c40cfc80
Event: 0,131 loading class 0x00007fd1c40cfc80 done
Event: 0,132 loading class 0x00007fd1cbc23fc0
Event: 0,132 loading class 0x00007fd1cbc23fc0 done
Event: 0,136 loading class 0x00007fd1c40effb0
Event: 0,136 loading class 0x00007fd1c40effb0 done
Event: 0,139 Thread 0x00007fd1c40c5000 Thread added: 0x00007fd1c40c5000
Event: 0,145 Thread 0x00007fd1c40cb000 Thread added: 0x00007fd1c40cb000
Event: 0,145 Thread 0x00007fd1c4007800 Thread exited: 0x00007fd1c4007800
Event: 0,145 Thread 0x00007fd1c4007800 Thread added: 0x00007fd1c4007800


Dynamic libraries:
00400000-00401000 r-xp 00000000 08:05 3691975                            /usr/java/jdk1.7.0_51/bin/java
00600000-00601000 rw-p 00000000 08:05 3691975                            /usr/java/jdk1.7.0_51/bin/java
007f1000-00812000 rw-p 00000000 00:00 0                                  [heap]
be000000-bf500000 rw-p 00000000 00:00 0 
bf500000-c3200000 rw-p 00000000 00:00 0 
c3200000-c5a80000 rw-p 00000000 00:00 0 
c5a80000-ebb00000 rw-p 00000000 00:00 0 
ebb00000-ecf80000 rw-p 00000000 00:00 0 
ecf80000-100000000 rw-p 00000000 00:00 0 
7fd18c000000-7fd18c021000 rw-p 00000000 00:00 0 
7fd18c021000-7fd190000000 ---p 00000000 00:00 0 
7fd190000000-7fd190021000 rw-p 00000000 00:00 0 
7fd190021000-7fd194000000 ---p 00000000 00:00 0 
7fd194000000-7fd194021000 rw-p 00000000 00:00 0 
7fd194021000-7fd198000000 ---p 00000000 00:00 0 
7fd198000000-7fd198021000 rw-p 00000000 00:00 0 
7fd198021000-7fd19c000000 ---p 00000000 00:00 0 
7fd19c000000-7fd19c066000 rw-p 00000000 00:00 0 
7fd19c066000-7fd1a0000000 ---p 00000000 00:00 0 
7fd1a0000000-7fd1a0021000 rw-p 00000000 00:00 0 
7fd1a0021000-7fd1a4000000 ---p 00000000 00:00 0 
7fd1a4000000-7fd1a4021000 rw-p 00000000 00:00 0 
7fd1a4021000-7fd1a8000000 ---p 00000000 00:00 0 
7fd1a8000000-7fd1a8021000 rw-p 00000000 00:00 0 
7fd1a8021000-7fd1ac000000 ---p 00000000 00:00 0 
7fd1ac000000-7fd1ac021000 rw-p 00000000 00:00 0 
7fd1ac021000-7fd1b0000000 ---p 00000000 00:00 0 
7fd1b0000000-7fd1b0021000 rw-p 00000000 00:00 0 
7fd1b0021000-7fd1b4000000 ---p 00000000 00:00 0 
7fd1b4000000-7fd1b4021000 rw-p 00000000 00:00 0 
7fd1b4021000-7fd1b8000000 ---p 00000000 00:00 0 
7fd1b9f00000-7fd1bc000000 rw-p 00000000 00:00 0 
7fd1bc000000-7fd1bc021000 rw-p 00000000 00:00 0 
7fd1bc021000-7fd1c0000000 ---p 00000000 00:00 0 
7fd1c057b000-7fd1c057e000 ---p 00000000 00:00 0 
7fd1c057e000-7fd1c067c000 rw-p 00000000 00:00 0                          [stack:14902]
7fd1c067c000-7fd1c067f000 ---p 00000000 00:00 0 
7fd1c067f000-7fd1c077d000 rw-p 00000000 00:00 0                          [stack:14901]
7fd1c077d000-7fd1c078a000 r-xp 00000000 08:05 3693305                    /usr/java/jdk1.7.0_51/jre/lib/ext/librxtxSerial.so
7fd1c078a000-7fd1c0989000 ---p 0000d000 08:05 3693305                    /usr/java/jdk1.7.0_51/jre/lib/ext/librxtxSerial.so
7fd1c0989000-7fd1c098a000 rw-p 0000c000 08:05 3693305                    /usr/java/jdk1.7.0_51/jre/lib/ext/librxtxSerial.so
7fd1c098a000-7fd1c098b000 ---p 00000000 00:00 0 
7fd1c098b000-7fd1c0a8b000 rw-p 00000000 00:00 0                          [stack:14900]
7fd1c0a8b000-7fd1c0a8e000 ---p 00000000 00:00 0 
7fd1c0a8e000-7fd1c0b8c000 rw-p 00000000 00:00 0                          [stack:14899]
7fd1c0b8c000-7fd1c0b8f000 ---p 00000000 00:00 0 
7fd1c0b8f000-7fd1c0c8d000 rw-p 00000000 00:00 0                          [stack:14898]
7fd1c0c8d000-7fd1c0c90000 ---p 00000000 00:00 0 
7fd1c0c90000-7fd1c0d8e000 rw-p 00000000 00:00 0                          [stack:14897]
7fd1c0d8e000-7fd1c0d91000 ---p 00000000 00:00 0 
7fd1c0d91000-7fd1c0e8f000 rw-p 00000000 00:00 0                          [stack:14896]
7fd1c0e8f000-7fd1c0ece000 r--p 00000000 08:05 3941653                    /usr/lib/locale/es_ES.utf8/LC_CTYPE
7fd1c0ece000-7fd1c0ecf000 r--p 00000000 08:05 4081438                    /usr/lib/locale/es_ES.utf8/LC_NUMERIC
7fd1c0ecf000-7fd1c0ed0000 r--p 00000000 08:05 4063588                    /usr/lib/locale/es_ES.utf8/LC_TIME
7fd1c0ed0000-7fd1c1000000 r--p 00000000 08:05 3935683                    /usr/lib/locale/es_ES.utf8/LC_COLLATE
7fd1c1000000-7fd1c1270000 rwxp 00000000 00:00 0 
7fd1c1270000-7fd1c40fa000 rw-p 00000000 00:00 0 
7fd1c40fa000-7fd1c8000000 ---p 00000000 00:00 0 
7fd1c80d8000-7fd1c80fd000 r--p 00000000 08:05 3802353                    /usr/share/locale/es/LC_MESSAGES/libc.mo
7fd1c80fd000-7fd1c8100000 ---p 00000000 00:00 0 
7fd1c8100000-7fd1c81fe000 rw-p 00000000 00:00 0                          [stack:14895]
7fd1c81fe000-7fd1c8201000 ---p 00000000 00:00 0 
7fd1c8201000-7fd1c82ff000 rw-p 00000000 00:00 0                          [stack:14894]
7fd1c82ff000-7fd1c8300000 ---p 00000000 00:00 0 
7fd1c8300000-7fd1c8db7000 rw-p 00000000 00:00 0                          [stack:14893]
7fd1c8db7000-7fd1c8f74000 r--s 039bf000 08:05 3693270                    /usr/java/jdk1.7.0_51/jre/lib/rt.jar
7fd1c8f74000-7fd1c91fa000 rw-p 00000000 00:00 0 
7fd1c91fa000-7fd1c91fb000 ---p 00000000 00:00 0 
7fd1c91fb000-7fd1c92fb000 rw-p 00000000 00:00 0                          [stack:14892]
7fd1c92fb000-7fd1c92fc000 ---p 00000000 00:00 0 
7fd1c92fc000-7fd1c9407000 rw-p 00000000 00:00 0                          [stack:14891]
7fd1c9407000-7fd1c9425000 rw-p 00000000 00:00 0 
7fd1c9425000-7fd1c943a000 rw-p 00000000 00:00 0 
7fd1c943a000-7fd1c956a000 rw-p 00000000 00:00 0 
7fd1c956a000-7fd1c9575000 rw-p 00000000 00:00 0 
7fd1c9575000-7fd1c9593000 rw-p 00000000 00:00 0 
7fd1c9593000-7fd1c95a8000 rw-p 00000000 00:00 0 
7fd1c95a8000-7fd1c96d7000 rw-p 00000000 00:00 0 
7fd1c96d7000-7fd1c96e2000 rw-p 00000000 00:00 0 
7fd1c96e2000-7fd1c977a000 rw-p 00000000 00:00 0 
7fd1c977a000-7fd1c9785000 rw-p 00000000 00:00 0 
7fd1c9785000-7fd1c983b000 rw-p 00000000 00:00 0 
7fd1c983b000-7fd1c9855000 r-xp 00000000 08:05 3692151                    /usr/java/jdk1.7.0_51/jre/lib/amd64/libzip.so
7fd1c9855000-7fd1c9a55000 ---p 0001a000 08:05 3692151                    /usr/java/jdk1.7.0_51/jre/lib/amd64/libzip.so
7fd1c9a55000-7fd1c9a56000 rw-p 0001a000 08:05 3692151                    /usr/java/jdk1.7.0_51/jre/lib/amd64/libzip.so
7fd1c9a56000-7fd1c9a7f000 r-xp 00000000 08:05 3692120                    /usr/java/jdk1.7.0_51/jre/lib/amd64/libjava.so
7fd1c9a7f000-7fd1c9c7f000 ---p 00029000 08:05 3692120                    /usr/java/jdk1.7.0_51/jre/lib/amd64/libjava.so
7fd1c9c7f000-7fd1c9c81000 rw-p 00029000 08:05 3692120                    /usr/java/jdk1.7.0_51/jre/lib/amd64/libjava.so
7fd1c9c81000-7fd1c9c8e000 r-xp 00000000 08:05 3692150                    /usr/java/jdk1.7.0_51/jre/lib/amd64/libverify.so
7fd1c9c8e000-7fd1c9e8d000 ---p 0000d000 08:05 3692150                    /usr/java/jdk1.7.0_51/jre/lib/amd64/libverify.so
7fd1c9e8d000-7fd1c9e8f000 rw-p 0000c000 08:05 3692150                    /usr/java/jdk1.7.0_51/jre/lib/amd64/libverify.so
7fd1c9e8f000-7fd1c9e96000 r-xp 00000000 08:05 2883741                    /lib64/librt-2.17.so
7fd1c9e96000-7fd1ca095000 ---p 00007000 08:05 2883741                    /lib64/librt-2.17.so
7fd1ca095000-7fd1ca096000 r--p 00006000 08:05 2883741                    /lib64/librt-2.17.so
7fd1ca096000-7fd1ca097000 rw-p 00007000 08:05 2883741                    /lib64/librt-2.17.so
7fd1ca097000-7fd1ca194000 r-xp 00000000 08:05 2883717                    /lib64/libm-2.17.so
7fd1ca194000-7fd1ca393000 ---p 000fd000 08:05 2883717                    /lib64/libm-2.17.so
7fd1ca393000-7fd1ca394000 r--p 000fc000 08:05 2883717                    /lib64/libm-2.17.so
7fd1ca394000-7fd1ca395000 rw-p 000fd000 08:05 2883717                    /lib64/libm-2.17.so
7fd1ca395000-7fd1caef7000 r-xp 00000000 08:05 3692155                    /usr/java/jdk1.7.0_51/jre/lib/amd64/server/libjvm.so
7fd1caef7000-7fd1cb0f7000 ---p 00b62000 08:05 3692155                    /usr/java/jdk1.7.0_51/jre/lib/amd64/server/libjvm.so
7fd1cb0f7000-7fd1cb1ba000 rw-p 00b62000 08:05 3692155                    /usr/java/jdk1.7.0_51/jre/lib/amd64/server/libjvm.so
7fd1cb1ba000-7fd1cb1fb000 rw-p 00000000 00:00 0 
7fd1cb1fb000-7fd1cb39f000 r-xp 00000000 08:05 2883718                    /lib64/libc-2.17.so
7fd1cb39f000-7fd1cb59f000 ---p 001a4000 08:05 2883718                    /lib64/libc-2.17.so
7fd1cb59f000-7fd1cb5a3000 r--p 001a4000 08:05 2883718                    /lib64/libc-2.17.so
7fd1cb5a3000-7fd1cb5a5000 rw-p 001a8000 08:05 2883718                    /lib64/libc-2.17.so
7fd1cb5a5000-7fd1cb5a9000 rw-p 00000000 00:00 0 
7fd1cb5a9000-7fd1cb5ac000 r-xp 00000000 08:05 2883743                    /lib64/libdl-2.17.so
7fd1cb5ac000-7fd1cb7ab000 ---p 00003000 08:05 2883743                    /lib64/libdl-2.17.so
7fd1cb7ab000-7fd1cb7ac000 r--p 00002000 08:05 2883743                    /lib64/libdl-2.17.so
7fd1cb7ac000-7fd1cb7ad000 rw-p 00003000 08:05 2883743                    /lib64/libdl-2.17.so
7fd1cb7ad000-7fd1cb7c3000 r-xp 00000000 08:05 3693185                    /usr/java/jdk1.7.0_51/lib/amd64/jli/libjli.so
7fd1cb7c3000-7fd1cb9c3000 ---p 00016000 08:05 3693185                    /usr/java/jdk1.7.0_51/lib/amd64/jli/libjli.so
7fd1cb9c3000-7fd1cb9c4000 rw-p 00016000 08:05 3693185                    /usr/java/jdk1.7.0_51/lib/amd64/jli/libjli.so
7fd1cb9c4000-7fd1cb9db000 r-xp 00000000 08:05 2883726                    /lib64/libpthread-2.17.so
7fd1cb9db000-7fd1cbbda000 ---p 00017000 08:05 2883726                    /lib64/libpthread-2.17.so
7fd1cbbda000-7fd1cbbdb000 r--p 00016000 08:05 2883726                    /lib64/libpthread-2.17.so
7fd1cbbdb000-7fd1cbbdc000 rw-p 00017000 08:05 2883726                    /lib64/libpthread-2.17.so
7fd1cbbdc000-7fd1cbbe0000 rw-p 00000000 00:00 0 
7fd1cbbe0000-7fd1cbc01000 r-xp 00000000 08:05 2883825                    /lib64/ld-2.17.so
7fd1cbc11000-7fd1cbc13000 r--s 0000d000 08:07 1445837                    /home/ricardo/Descargas/FRAMEWORKS y LIBRERIAS/mfz-rxtx-2.2-20081207-linux-x86_64/RXTXcomm.jar
7fd1cbc13000-7fd1cbc15000 r--s 0000d000 08:05 3693309                    /usr/java/jdk1.7.0_51/jre/lib/ext/RXTXcomm.jar
7fd1cbc15000-7fd1cbc16000 r--p 00000000 08:05 4081436                    /usr/lib/locale/es_ES.utf8/LC_MONETARY
7fd1cbc16000-7fd1cbc17000 r--p 00000000 08:05 4081435                    /usr/lib/locale/es_ES.utf8/LC_MESSAGES/SYS_LC_MESSAGES
7fd1cbc17000-7fd1cbc18000 r--p 00000000 08:05 3935237                    /usr/lib/locale/es_ES.utf8/LC_PAPER
7fd1cbc18000-7fd1cbc19000 r--p 00000000 08:05 4081437                    /usr/lib/locale/es_ES.utf8/LC_NAME
7fd1cbc19000-7fd1cbc1a000 r--p 00000000 08:05 4081434                    /usr/lib/locale/es_ES.utf8/LC_ADDRESS
7fd1cbc1a000-7fd1cbc1b000 r--p 00000000 08:05 4081439                    /usr/lib/locale/es_ES.utf8/LC_TELEPHONE
7fd1cbc1b000-7fd1cbc1c000 r--p 00000000 08:05 3941654                    /usr/lib/locale/es_ES.utf8/LC_MEASUREMENT
7fd1cbc1c000-7fd1cbc23000 r--s 00000000 08:05 4197015                    /usr/lib64/gconv/gconv-modules.cache
7fd1cbc23000-7fd1cbca6000 rw-p 00000000 00:00 0 
7fd1cbca6000-7fd1cbcdb000 r--s 00000000 00:10 8607                       /var/run/nscd/passwd
7fd1cbcdb000-7fd1cbcde000 ---p 00000000 00:00 0 
7fd1cbcde000-7fd1cbde0000 rw-p 00000000 00:00 0                          [stack:14889]
7fd1cbde0000-7fd1cbde1000 r--p 00000000 08:05 4064467                    /usr/lib/locale/es_ES.utf8/LC_IDENTIFICATION
7fd1cbde1000-7fd1cbdf6000 rw-p 00000000 00:00 0 
7fd1cbdf6000-7fd1cbdfe000 rw-s 00000000 08:05 530191                     /tmp/hsperfdata_ricardo/14885
7fd1cbdfe000-7fd1cbdff000 rw-p 00000000 00:00 0 
7fd1cbdff000-7fd1cbe00000 r--p 00000000 00:00 0 
7fd1cbe00000-7fd1cbe01000 rw-p 00000000 00:00 0 
7fd1cbe01000-7fd1cbe02000 r--p 00021000 08:05 2883825                    /lib64/ld-2.17.so
7fd1cbe02000-7fd1cbe03000 rw-p 00022000 08:05 2883825                    /lib64/ld-2.17.so
7fd1cbe03000-7fd1cbe04000 rw-p 00000000 00:00 0 
7fffb0b77000-7fffb0b98000 rw-p 00000000 00:00 0                          [stack]
7fffb0bff000-7fffb0c00000 r-xp 00000000 00:00 0                          [vdso]
ffffffffff600000-ffffffffff601000 r-xp 00000000 00:00 0                  [vsyscall]

VM Arguments:
jvm_args: -Dfile.encoding=UTF-8 
java_command: conexionarduino.SerialTest
Launcher Type: SUN_STANDARD

Environment Variables:
JAVA_HOME=/usr/java/latest
JRE_HOME=/usr/lib64/jvm/jre
PATH=/usr/local/bin:/usr/bin:/bin:/usr/bin/X11:/usr/X11R6/bin:/usr/games
LD_LIBRARY_PATH=/usr/java/latest/jre/lib/amd64:/usr/java/latest/jre/lib/i386:
SHELL=/bin/bash
DISPLAY=:0
HOSTTYPE=x86_64
OSTYPE=linux
MACHTYPE=x86_64-suse-linux

Signal Handlers:
SIGSEGV: [libjvm.so+0x993870], sa_mask[0]=0x7ffbfeff, sa_flags=0x10000004
SIGBUS: [libjvm.so+0x993870], sa_mask[0]=0x7ffbfeff, sa_flags=0x10000004
SIGFPE: [libjvm.so+0x8105b0], sa_mask[0]=0x7ffbfeff, sa_flags=0x10000004
SIGPIPE: [libjvm.so+0x8105b0], sa_mask[0]=0x7ffbfeff, sa_flags=0x10000004
SIGXFSZ: [libjvm.so+0x8105b0], sa_mask[0]=0x7ffbfeff, sa_flags=0x10000004
SIGILL: [libjvm.so+0x8105b0], sa_mask[0]=0x7ffbfeff, sa_flags=0x10000004
SIGUSR1: SIG_DFL, sa_mask[0]=0x00000000, sa_flags=0x00000000
SIGUSR2: [libjvm.so+0x811aa0], sa_mask[0]=0x00000004, sa_flags=0x10000004
SIGHUP: [libjvm.so+0x812a10], sa_mask[0]=0x7ffbfeff, sa_flags=0x10000004
SIGINT: SIG_IGN, sa_mask[0]=0x00000000, sa_flags=0x00000000
SIGTERM: [libjvm.so+0x812a10], sa_mask[0]=0x7ffbfeff, sa_flags=0x10000004
SIGQUIT: [libjvm.so+0x812a10], sa_mask[0]=0x7ffbfeff, sa_flags=0x10000004


---------------  S Y S T E M  ---------------

OS:openSUSE 12.3 (x86_64)
VERSION = 12.3
CODENAME = Dartmouth

uname:Linux 3.7.10-1.32-desktop #1 SMP PREEMPT Thu May 8 00:09:34 UTC 2014 (5978d00) x86_64
libc:glibc 2.17 NPTL 2.17 
rlimit: STACK 8192k, CORE 0k, NPROC 30871, NOFILE 4096, AS infinity
load average:0,47 0,41 0,39

/proc/meminfo:
MemTotal:        3986540 kB
MemFree:          646272 kB
Buffers:           66108 kB
Cached:           837520 kB
SwapCached:         8604 kB
Active:          2043240 kB
Inactive:        1055312 kB
Active(anon):    1717672 kB
Inactive(anon):   729864 kB
Active(file):     325568 kB
Inactive(file):   325448 kB
Unevictable:           0 kB
Mlocked:               0 kB
SwapTotal:       2096124 kB
SwapFree:        2008080 kB
Dirty:               252 kB
Writeback:             0 kB
AnonPages:       2187044 kB
Mapped:           236936 kB
Shmem:            252612 kB
Slab:             131900 kB
SReclaimable:      89256 kB
SUnreclaim:        42644 kB
KernelStack:        3336 kB
PageTables:        43824 kB
NFS_Unstable:          0 kB
Bounce:                0 kB
WritebackTmp:          0 kB
CommitLimit:     4089392 kB
Committed_AS:    5544920 kB
VmallocTotal:   34359738367 kB
VmallocUsed:      364736 kB
VmallocChunk:   34359368996 kB
HardwareCorrupted:     0 kB
AnonHugePages:    602112 kB
HugePages_Total:       0
HugePages_Free:        0
HugePages_Rsvd:        0
HugePages_Surp:        0
Hugepagesize:       2048 kB
DirectMap4k:       96256 kB
DirectMap2M:     4032512 kB


CPU:total 2 (2 cores per cpu, 1 threads per core) family 6 model 23 stepping 10, cmov, cx8, fxsr, mmx, sse, sse2, sse3, ssse3, tsc

/proc/cpuinfo:
processor	: 0
vendor_id	: GenuineIntel
cpu family	: 6
model		: 23
model name	: Pentium(R) Dual-Core  CPU      E5700  @ 3.00GHz
stepping	: 10
microcode	: 0xa0b
cpu MHz		: 3000.000
cache size	: 2048 KB
physical id	: 0
siblings	: 2
core id		: 0
cpu cores	: 2
apicid		: 0
initial apicid	: 0
fpu		: yes
fpu_exception	: yes
cpuid level	: 13
wp		: yes
flags		: fpu vme de pse tsc msr pae mce cx8 apic sep mtrr pge mca cmov pat pse36 clflush dts acpi mmx fxsr sse sse2 ss ht tm pbe syscall nx lm constant_tsc arch_perfmon pebs bts rep_good nopl aperfmperf pni dtes64 monitor ds_cpl vmx est tm2 ssse3 cx16 xtpr pdcm xsave lahf_lm dtherm tpr_shadow vnmi flexpriority
bogomips	: 5984.46
clflush size	: 64
cache_alignment	: 64
address sizes	: 36 bits physical, 48 bits virtual
power management:

processor	: 1
vendor_id	: GenuineIntel
cpu family	: 6
model		: 23
model name	: Pentium(R) Dual-Core  CPU      E5700  @ 3.00GHz
stepping	: 10
microcode	: 0xa0b
cpu MHz		: 3000.000
cache size	: 2048 KB
physical id	: 0
siblings	: 2
core id		: 1
cpu cores	: 2
apicid		: 1
initial apicid	: 1
fpu		: yes
fpu_exception	: yes
cpuid level	: 13
wp		: yes
flags		: fpu vme de pse tsc msr pae mce cx8 apic sep mtrr pge mca cmov pat pse36 clflush dts acpi mmx fxsr sse sse2 ss ht tm pbe syscall nx lm constant_tsc arch_perfmon pebs bts rep_good nopl aperfmperf pni dtes64 monitor ds_cpl vmx est tm2 ssse3 cx16 xtpr pdcm xsave lahf_lm dtherm tpr_shadow vnmi flexpriority
bogomips	: 5984.46
clflush size	: 64
cache_alignment	: 64
address sizes	: 36 bits physical, 48 bits virtual
power management:



Memory: 4k page, physical 3986540k(646272k free), swap 2096124k(2008080k free)

vm_info: Java HotSpot(TM) 64-Bit Server VM (24.51-b03) for linux-amd64 JRE (1.7.0_51-b13), built on Dec 18 2013 18:48:01 by "java_re" with gcc 4.3.0 20080428 (Red Hat 4.3.0-8)

time: Fri Jun  6 15:21:50 2014
elapsed time: 0 seconds

